# JRE version: OpenJDK Runtime Environment (8.0_181-b13) (build 1.8.0_181-8u181-b13-1~deb9u1-b13)
# Java VM: OpenJDK 64-Bit Server VM (25.181-b13 mixed mode linux-amd64 compressed oops)
Heap:
 def new generation   total 3072K, used 0K [0x00000000f6a00000, 0x00000000f6d50000, 0x00000000f9c00000)
  eden space 2752K,   0% used [0x00000000f6a00000, 0x00000000f6a00000, 0x00000000f6cb0000)
  from space 320K,   0% used [0x00000000f6cb0000, 0x00000000f6cb0000, 0x00000000f6d00000)
  to   space 320K,   0% used [0x00000000f6d00000, 0x00000000f6d00000, 0x00000000f6d50000)
 tenured generation   total 7040K, used 6547K [0x00000000f9c00000, 0x00000000fa2e0000, 0x0000000100000000)
   the space 7040K,  93% used [0x00000000f9c00000, 0x00000000fa264da0, 0x00000000fa264e00, 0x00000000fa2e0000)
 Metaspace       used 7472K, capacity 7554K, committed 7680K, reserved 1056768K
  class space    used 942K, capacity 979K, committed 1024K, reserved 1048576K
GC Heap History (10 events):
Event: 12.273 GC heap after
Heap after GC invocations=13 (full 0):
 def new generation   total 3072K, used 320K [0x00000000f6a00000, 0x00000000f6d50000, 0x00000000f9c00000)
  eden space 2752K,   0% used [0x00000000f6a00000, 0x00000000f6a00000, 0x00000000f6cb0000)
  from space 320K, 100% used [0x00000000f6d00000, 0x00000000f6d50000, 0x00000000f6d50000)
  to   space 320K,   0% used [0x00000000f6cb0000, 0x00000000f6cb0000, 0x00000000f6d00000)
 tenured generation   total 6848K, used 4329K [0x00000000f9c00000, 0x00000000fa2b0000, 0x0000000100000000)
   the space 6848K,  63% used [0x00000000f9c00000, 0x00000000fa03a558, 0x00000000fa03a600, 0x00000000fa2b0000)
 Metaspace       used 7338K, capacity 7426K, committed 7680K, reserved 1056768K
  class space    used 932K, capacity 979K, committed 1024K, reserved 1048576K
}
Event: 12.310 GC heap before
{Heap before GC invocations=13 (full 0):
 def new generation   total 3072K, used 3072K [0x00000000f6a00000, 0x00000000f6d50000, 0x00000000f9c00000)
  eden space 2752K, 100% used [0x00000000f6a00000, 0x00000000f6cb0000, 0x00000000f6cb0000)
  from space 320K, 100% used [0x00000000f6d00000, 0x00000000f6d50000, 0x00000000f6d50000)
  to   space 320K,   0% used [0x00000000f6cb0000, 0x00000000f6cb0000, 0x00000000f6d00000)
 tenured generation   total 6848K, used 4329K [0x00000000f9c00000, 0x00000000fa2b0000, 0x0000000100000000)
   the space 6848K,  63% used [0x00000000f9c00000, 0x00000000fa03a558, 0x00000000fa03a600, 0x00000000fa2b0000)
 Metaspace       used 7368K, capacity 7490K, committed 7680K, reserved 1056768K
  class space    used 934K, capacity 979K, committed 1024K, reserved 1048576K
Event: 12.313 GC heap after
Heap after GC invocations=14 (full 0):
 def new generation   total 3072K, used 320K [0x00000000f6a00000, 0x00000000f6d50000, 0x00000000f9c00000)
  eden space 2752K,   0% used [0x00000000f6a00000, 0x00000000f6a00000, 0x00000000f6cb0000)
  from space 320K, 100% used [0x00000000f6cb0000, 0x00000000f6d00000, 0x00000000f6d00000)
  to   space 320K,   0% used [0x00000000f6d00000, 0x00000000f6d00000, 0x00000000f6d50000)
 tenured generation   total 6848K, used 4817K [0x00000000f9c00000, 0x00000000fa2b0000, 0x0000000100000000)
   the space 6848K,  70% used [0x00000000f9c00000, 0x00000000fa0b4690, 0x00000000fa0b4800, 0x00000000fa2b0000)
 Metaspace       used 7368K, capacity 7490K, committed 7680K, reserved 1056768K
  class space    used 934K, capacity 979K, committed 1024K, reserved 1048576K
}
Event: 12.359 GC heap before
{Heap before GC invocations=14 (full 0):
 def new generation   total 3072K, used 3072K [0x00000000f6a00000, 0x00000000f6d50000, 0x00000000f9c00000)
  eden space 2752K, 100% used [0x00000000f6a00000, 0x00000000f6cb0000, 0x00000000f6cb0000)
  from space 320K, 100% used [0x00000000f6cb0000, 0x00000000f6d00000, 0x00000000f6d00000)
  to   space 320K,   0% used [0x00000000f6d00000, 0x00000000f6d00000, 0x00000000f6d50000)
 tenured generation   total 6848K, used 4817K [0x00000000f9c00000, 0x00000000fa2b0000, 0x0000000100000000)
   the space 6848K,  70% used [0x00000000f9c00000, 0x00000000fa0b4690, 0x00000000fa0b4800, 0x00000000fa2b0000)
 Metaspace       used 7407K, capacity 7554K, committed 7680K, reserved 1056768K
  class space    used 937K, capacity 979K, committed 1024K, reserved 1048576K
Event: 12.364 GC heap after
Heap after GC invocations=15 (full 0):
 def new generation   total 3072K, used 320K [0x00000000f6a00000, 0x00000000f6d50000, 0x00000000f9c00000)
  eden space 2752K,   0% used [0x00000000f6a00000, 0x00000000f6a00000, 0x00000000f6cb0000)
  from space 320K, 100% used [0x00000000f6d00000, 0x00000000f6d50000, 0x00000000f6d50000)
  to   space 320K,   0% used [0x00000000f6cb0000, 0x00000000f6cb0000, 0x00000000f6d00000)
 tenured generation   total 6848K, used 5388K [0x00000000f9c00000, 0x00000000fa2b0000, 0x0000000100000000)
   the space 6848K,  78% used [0x00000000f9c00000, 0x00000000fa143030, 0x00000000fa143200, 0x00000000fa2b0000)
 Metaspace       used 7407K, capacity 7554K, committed 7680K, reserved 1056768K
  class space    used 937K, capacity 979K, committed 1024K, reserved 1048576K
}
Event: 12.394 GC heap before
{Heap before GC invocations=15 (full 0):
 def new generation   total 3072K, used 3072K [0x00000000f6a00000, 0x00000000f6d50000, 0x00000000f9c00000)
  eden space 2752K, 100% used [0x00000000f6a00000, 0x00000000f6cb0000, 0x00000000f6cb0000)
  from space 320K, 100% used [0x00000000f6d00000, 0x00000000f6d50000, 0x00000000f6d50000)
  to   space 320K,   0% used [0x00000000f6cb0000, 0x00000000f6cb0000, 0x00000000f6d00000)
 tenured generation   total 6848K, used 5388K [0x00000000f9c00000, 0x00000000fa2b0000, 0x0000000100000000)
   the space 6848K,  78% used [0x00000000f9c00000, 0x00000000fa143030, 0x00000000fa143200, 0x00000000fa2b0000)
 Metaspace       used 7436K, capacity 7554K, committed 7680K, reserved 1056768K
  class space    used 938K, capacity 979K, committed 1024K, reserved 1048576K
Event: 12.396 GC heap after
Heap after GC invocations=16 (full 0):
 def new generation   total 3072K, used 319K [0x00000000f6a00000, 0x00000000f6d50000, 0x00000000f9c00000)
  eden space 2752K,   0% used [0x00000000f6a00000, 0x00000000f6a00000, 0x00000000f6cb0000)
  from space 320K,  99% used [0x00000000f6cb0000, 0x00000000f6cffff8, 0x00000000f6d00000)
  to   space 320K,   0% used [0x00000000f6d00000, 0x00000000f6d00000, 0x00000000f6d50000)
 tenured generation   total 6848K, used 5927K [0x00000000f9c00000, 0x00000000fa2b0000, 0x0000000100000000)
   the space 6848K,  86% used [0x00000000f9c00000, 0x00000000fa1c9e78, 0x00000000fa1ca000, 0x00000000fa2b0000)
 Metaspace       used 7436K, capacity 7554K, committed 7680K, reserved 1056768K
  class space    used 938K, capacity 979K, committed 1024K, reserved 1048576K
}
Event: 12.458 GC heap before
{Heap before GC invocations=16 (full 0):
 def new generation   total 3072K, used 3071K [0x00000000f6a00000, 0x00000000f6d50000, 0x00000000f9c00000)
  eden space 2752K, 100% used [0x00000000f6a00000, 0x00000000f6cb0000, 0x00000000f6cb0000)
  from space 320K,  99% used [0x00000000f6cb0000, 0x00000000f6cffff8, 0x00000000f6d00000)
  to   space 320K,   0% used [0x00000000f6d00000, 0x00000000f6d00000, 0x00000000f6d50000)
 tenured generation   total 6848K, used 5927K [0x00000000f9c00000, 0x00000000fa2b0000, 0x0000000100000000)
   the space 6848K,  86% used [0x00000000f9c00000, 0x00000000fa1c9e78, 0x00000000fa1ca000, 0x00000000fa2b0000)
 Metaspace       used 7447K, capacity 7554K, committed 7680K, reserved 1056768K
  class space    used 939K, capacity 979K, committed 1024K, reserved 1048576K
Event: 12.462 GC heap after
Heap after GC invocations=17 (full 0):
 def new generation   total 3072K, used 320K [0x00000000f6a00000, 0x00000000f6d50000, 0x00000000f9c00000)
  eden space 2752K,   0% used [0x00000000f6a00000, 0x00000000f6a00000, 0x00000000f6cb0000)
  from space 320K, 100% used [0x00000000f6d00000, 0x00000000f6d50000, 0x00000000f6d50000)
  to   space 320K,   0% used [0x00000000f6cb0000, 0x00000000f6cb0000, 0x00000000f6d00000)
 tenured generation   total 6848K, used 6448K [0x00000000f9c00000, 0x00000000fa2b0000, 0x0000000100000000)
   the space 6848K,  94% used [0x00000000f9c00000, 0x00000000fa24c058, 0x00000000fa24c200, 0x00000000fa2b0000)
 Metaspace       used 7447K, capacity 7554K, committed 7680K, reserved 1056768K
  class space    used 939K, capacity 979K, committed 1024K, reserved 1048576K
}
Event: 12.491 GC heap before
{Heap before GC invocations=17 (full 0):
 def new generation   total 3072K, used 3072K [0x00000000f6a00000, 0x00000000f6d50000, 0x00000000f9c00000)
  eden space 2752K, 100% used [0x00000000f6a00000, 0x00000000f6cb0000, 0x00000000f6cb0000)
  from space 320K, 100% used [0x00000000f6d00000, 0x00000000f6d50000, 0x00000000f6d50000)
  to   space 320K,   0% used [0x00000000f6cb0000, 0x00000000f6cb0000, 0x00000000f6d00000)
 tenured generation   total 6848K, used 6448K [0x00000000f9c00000, 0x00000000fa2b0000, 0x0000000100000000)
   the space 6848K,  94% used [0x00000000f9c00000, 0x00000000fa24c058, 0x00000000fa24c200, 0x00000000fa2b0000)
 Metaspace       used 7472K, capacity 7554K, committed 7680K, reserved 1056768K
  class space    used 942K, capacity 979K, committed 1024K, reserved 1048576K

